2024-12-04 18:50:34,879 INFO o.a.j.u.JMeterUtils: Setting Locale to en_EN
2024-12-04 18:50:34,907 INFO o.a.j.JMeter: Loading user properties from: C:\Program Files\apache-jmeter-5.6.3\apache-jmeter-5.6.3\bin\user.properties
2024-12-04 18:50:34,908 INFO o.a.j.JMeter: Loading system properties from: C:\Program Files\apache-jmeter-5.6.3\apache-jmeter-5.6.3\bin\system.properties
2024-12-04 18:50:34,916 INFO o.a.j.JMeter: Copyright (c) 1998-2024 The Apache Software Foundation
2024-12-04 18:50:34,916 INFO o.a.j.JMeter: Version 5.6.3
2024-12-04 18:50:34,916 INFO o.a.j.JMeter: java.version=23
2024-12-04 18:50:34,916 INFO o.a.j.JMeter: java.vm.name=Java HotSpot(TM) 64-Bit Server VM
2024-12-04 18:50:34,917 INFO o.a.j.JMeter: os.name=Windows 11
2024-12-04 18:50:34,917 INFO o.a.j.JMeter: os.arch=amd64
2024-12-04 18:50:34,917 INFO o.a.j.JMeter: os.version=10.0
2024-12-04 18:50:34,917 INFO o.a.j.JMeter: file.encoding=UTF-8
2024-12-04 18:50:34,917 INFO o.a.j.JMeter: java.awt.headless=true
2024-12-04 18:50:34,917 INFO o.a.j.JMeter: Max memory     =1073741824
2024-12-04 18:50:34,917 INFO o.a.j.JMeter: Available Processors =8
2024-12-04 18:50:34,939 INFO o.a.j.JMeter: Default Locale=English (EN)
2024-12-04 18:50:34,939 INFO o.a.j.JMeter: JMeter  Locale=English (EN)
2024-12-04 18:50:34,940 INFO o.a.j.JMeter: JMeterHome=C:\Program Files\apache-jmeter-5.6.3\apache-jmeter-5.6.3
2024-12-04 18:50:34,940 INFO o.a.j.JMeter: user.dir  =C:\Program Files\apache-jmeter-5.6.3\apache-jmeter-5.6.3\bin\examples\Dmoney-Booking-API-Load-Tests\DMoney
2024-12-04 18:50:34,940 INFO o.a.j.JMeter: PWD       =C:\Program Files\apache-jmeter-5.6.3\apache-jmeter-5.6.3\bin\examples\Dmoney-Booking-API-Load-Tests\DMoney
2024-12-04 18:50:34,955 INFO o.a.j.JMeter: IP: 192.168.0.197 Name: DESKTOP-689U35J FullName: 192.168.0.197
2024-12-04 18:50:34,971 INFO o.a.j.JMeter: Setting property 'jmeter.reportgenerator.outputdir' to:'C:\Program Files\apache-jmeter-5.6.3\apache-jmeter-5.6.3\bin\examples\Dmoney-Booking-API-Load-Tests\DMoney\Reports'
2024-12-04 18:50:34,975 INFO o.a.j.s.FileServer: Default base='C:\Program Files\apache-jmeter-5.6.3\apache-jmeter-5.6.3\bin\examples\Dmoney-Booking-API-Load-Tests\DMoney'
2024-12-04 18:50:34,976 INFO o.a.j.s.FileServer: Set new base='C:\Program Files\apache-jmeter-5.6.3\apache-jmeter-5.6.3\bin\examples\Dmoney-Booking-API-Load-Tests\DMoney\.'
2024-12-04 18:50:35,350 INFO o.a.j.s.SaveService: Testplan (JMX) version: 2.2. Testlog (JTL) version: 2.2
2024-12-04 18:50:35,399 INFO o.a.j.s.SaveService: Using SaveService properties version 5.0
2024-12-04 18:50:35,403 INFO o.a.j.s.SaveService: Using SaveService properties file encoding UTF-8
2024-12-04 18:50:35,407 INFO o.a.j.s.SaveService: Loading file: .\DMoney.jmx
2024-12-04 18:50:35,501 INFO o.a.j.p.h.s.HTTPSamplerBase: Parser for text/html is org.apache.jmeter.protocol.http.parser.LagartoBasedHtmlParser
2024-12-04 18:50:35,502 INFO o.a.j.p.h.s.HTTPSamplerBase: Parser for application/xhtml+xml is org.apache.jmeter.protocol.http.parser.LagartoBasedHtmlParser
2024-12-04 18:50:35,502 INFO o.a.j.p.h.s.HTTPSamplerBase: Parser for application/xml is org.apache.jmeter.protocol.http.parser.LagartoBasedHtmlParser
2024-12-04 18:50:35,502 INFO o.a.j.p.h.s.HTTPSamplerBase: Parser for text/xml is org.apache.jmeter.protocol.http.parser.LagartoBasedHtmlParser
2024-12-04 18:50:35,502 INFO o.a.j.p.h.s.HTTPSamplerBase: Parser for text/vnd.wap.wml is org.apache.jmeter.protocol.http.parser.RegexpHTMLParser
2024-12-04 18:50:35,502 INFO o.a.j.p.h.s.HTTPSamplerBase: Parser for text/css is org.apache.jmeter.protocol.http.parser.CssParser
2024-12-04 18:50:35,588 INFO o.a.j.JMeter: Creating summariser <summary>
2024-12-04 18:50:35,594 INFO o.a.j.r.d.ReportGenerator: ReportGenerator will use for Parsing the separator: ','
2024-12-04 18:50:35,595 INFO o.a.j.r.d.ReportGenerator: Will generate report at end of test from  results file: .\DMoney.jtl
2024-12-04 18:50:35,595 INFO o.a.j.r.d.ReportGenerator: Reading report generator properties from: C:\Program Files\apache-jmeter-5.6.3\apache-jmeter-5.6.3\bin\reportgenerator.properties
2024-12-04 18:50:35,596 INFO o.a.j.r.d.ReportGenerator: Merging with JMeter properties
2024-12-04 18:50:35,601 INFO o.a.j.r.c.ReportGeneratorConfiguration: Property 'jmeter.reportgenerator.temp_dir' not found, using default value 'temp' instead.
2024-12-04 18:50:35,604 INFO o.a.j.r.c.ReportGeneratorConfiguration: Property 'jmeter.reportgenerator.apdex_per_transaction' not found, using default value 'null' instead.
2024-12-04 18:50:35,605 INFO o.a.j.r.c.ReportGeneratorConfiguration: apdex_per_transaction is empty, not APDEX per transaction customization
2024-12-04 18:50:35,605 INFO o.a.j.r.c.ReportGeneratorConfiguration: Property 'jmeter.reportgenerator.sample_filter' not found, using default value 'null' instead.
2024-12-04 18:50:35,605 INFO o.a.j.r.c.ReportGeneratorConfiguration: Property 'jmeter.reportgenerator.report_title' not found, using default value 'null' instead.
2024-12-04 18:50:35,605 INFO o.a.j.r.c.ReportGeneratorConfiguration: Property 'jmeter.reportgenerator.start_date' not found, using default value 'null' instead.
2024-12-04 18:50:35,605 INFO o.a.j.r.c.ReportGeneratorConfiguration: Property 'jmeter.reportgenerator.end_date' not found, using default value 'null' instead.
2024-12-04 18:50:35,605 INFO o.a.j.r.c.ReportGeneratorConfiguration: Property 'jmeter.reportgenerator.date_format' not found, using default value 'null' instead.
2024-12-04 18:50:35,606 INFO o.a.j.r.c.ReportGeneratorConfiguration: Will use date range start date: null, end date: null
2024-12-04 18:50:35,610 INFO o.a.j.r.c.ReportGeneratorConfiguration: Property 'jmeter.reportgenerator.graph.totalTPS.exclude_controllers' not found, using default value 'false' instead.
2024-12-04 18:50:35,611 INFO o.a.j.r.c.ReportGeneratorConfiguration: Property 'jmeter.reportgenerator.graph.activeThreadsOverTime.exclude_controllers' not found, using default value 'false' instead.
2024-12-04 18:50:35,611 INFO o.a.j.r.c.ReportGeneratorConfiguration: Property 'jmeter.reportgenerator.graph.timeVsThreads.exclude_controllers' not found, using default value 'false' instead.
2024-12-04 18:50:35,611 INFO o.a.j.r.c.ReportGeneratorConfiguration: Property 'jmeter.reportgenerator.graph.responseTimeDistribution.exclude_controllers' not found, using default value 'false' instead.
2024-12-04 18:50:35,611 INFO o.a.j.r.c.ReportGeneratorConfiguration: Property 'jmeter.reportgenerator.graph.transactionsPerSecond.exclude_controllers' not found, using default value 'false' instead.
2024-12-04 18:50:35,611 INFO o.a.j.r.c.ReportGeneratorConfiguration: Property 'jmeter.reportgenerator.graph.responseTimePercentiles.exclude_controllers' not found, using default value 'false' instead.
2024-12-04 18:50:35,611 INFO o.a.j.r.c.ReportGeneratorConfiguration: Property 'jmeter.reportgenerator.graph.responseTimePercentilesOverTime.exclude_controllers' not found, using default value 'false' instead.
2024-12-04 18:50:35,611 INFO o.a.j.r.c.ReportGeneratorConfiguration: Property 'jmeter.reportgenerator.graph.responseTimesOverTime.exclude_controllers' not found, using default value 'false' instead.
2024-12-04 18:50:35,612 INFO o.a.j.r.c.ReportGeneratorConfiguration: Property 'jmeter.reportgenerator.graph.connectTimeOverTime.exclude_controllers' not found, using default value 'false' instead.
2024-12-04 18:50:35,612 INFO o.a.j.r.c.ReportGeneratorConfiguration: Property 'jmeter.reportgenerator.graph.latenciesOverTime.exclude_controllers' not found, using default value 'false' instead.
2024-12-04 18:50:35,613 INFO o.a.j.r.c.ReportGeneratorConfiguration: Property 'jmeter.reportgenerator.exporter.json.filters_only_sample_series' not found, using default value 'true' instead.
2024-12-04 18:50:35,613 INFO o.a.j.r.c.ReportGeneratorConfiguration: Property 'jmeter.reportgenerator.exporter.json.series_filter' not found, using default value '' instead.
2024-12-04 18:50:35,613 INFO o.a.j.r.c.ReportGeneratorConfiguration: Property 'jmeter.reportgenerator.exporter.json.show_controllers_only' not found, using default value 'false' instead.
2024-12-04 18:50:35,614 INFO o.a.j.r.c.ReportGeneratorConfiguration: Property 'jmeter.reportgenerator.exporter.html.filters_only_sample_series' not found, using default value 'true' instead.
2024-12-04 18:50:35,614 INFO o.a.j.r.c.ReportGeneratorConfiguration: Property 'jmeter.reportgenerator.exporter.html.series_filter' not found, using default value '' instead.
2024-12-04 18:50:35,614 INFO o.a.j.r.c.ReportGeneratorConfiguration: Property 'jmeter.reportgenerator.exporter.html.show_controllers_only' not found, using default value 'false' instead.
2024-12-04 18:50:35,637 INFO o.a.j.e.StandardJMeterEngine: Running the test!
2024-12-04 18:50:35,638 INFO o.a.j.s.SampleEvent: List of sample_variables: []
2024-12-04 18:50:35,638 INFO o.a.j.s.SampleEvent: List of sample_variables: []
2024-12-04 18:50:35,646 INFO o.a.j.e.u.CompoundVariable: Note: Function class names must contain the string: '.functions.'
2024-12-04 18:50:35,646 INFO o.a.j.e.u.CompoundVariable: Note: Function class names must not contain the string: '.gui.'
2024-12-04 18:50:35,738 INFO o.a.j.r.ClassFinder: Will scan jar C:\Program Files\apache-jmeter-5.6.3\apache-jmeter-5.6.3\lib\ext\jmeter-plugins-cmn-jmeter-0.7.jar with filter ExtendsClassFilter [parents=[interface org.apache.jmeter.functions.Function], inner=false, contains=null, notContains=null]. Consider exposing JMeter plugins via META-INF/services, and add JMeter-Skip-Class-Scanning=true manifest attribute so JMeter can skip classfile scanning
2024-12-04 18:50:35,768 INFO o.a.j.r.ClassFinder: Will scan jar C:\Program Files\apache-jmeter-5.6.3\apache-jmeter-5.6.3\lib\ext\jmeter-plugins-graphs-additional-2.0.jar with filter ExtendsClassFilter [parents=[interface org.apache.jmeter.functions.Function], inner=false, contains=null, notContains=null]. Consider exposing JMeter plugins via META-INF/services, and add JMeter-Skip-Class-Scanning=true manifest attribute so JMeter can skip classfile scanning
2024-12-04 18:50:35,771 INFO o.a.j.r.ClassFinder: Will scan jar C:\Program Files\apache-jmeter-5.6.3\apache-jmeter-5.6.3\lib\ext\jmeter-plugins-casutg-2.10.jar with filter ExtendsClassFilter [parents=[interface org.apache.jmeter.functions.Function], inner=false, contains=null, notContains=null]. Consider exposing JMeter plugins via META-INF/services, and add JMeter-Skip-Class-Scanning=true manifest attribute so JMeter can skip classfile scanning
2024-12-04 18:50:35,783 INFO o.a.j.r.ClassFinder: Will scan jar C:\Program Files\apache-jmeter-5.6.3\apache-jmeter-5.6.3\lib\ext\javafaker-1.0.2.jar with filter ExtendsClassFilter [parents=[interface org.apache.jmeter.functions.Function], inner=false, contains=null, notContains=null]. Consider exposing JMeter plugins via META-INF/services, and add JMeter-Skip-Class-Scanning=true manifest attribute so JMeter can skip classfile scanning
2024-12-04 18:50:35,815 INFO o.a.j.r.ClassFinder: Will scan jar C:\Program Files\apache-jmeter-5.6.3\apache-jmeter-5.6.3\lib\ext\jmeter-plugins-manager-1.10.jar with filter ExtendsClassFilter [parents=[interface org.apache.jmeter.functions.Function], inner=false, contains=null, notContains=null]. Consider exposing JMeter plugins via META-INF/services, and add JMeter-Skip-Class-Scanning=true manifest attribute so JMeter can skip classfile scanning
2024-12-04 18:50:35,935 INFO o.a.j.r.ClassFinder: Will scan jar C:\Program Files\apache-jmeter-5.6.3\apache-jmeter-5.6.3\lib\ext\cmdrunner-2.3.jar with filter ExtendsClassFilter [parents=[interface org.apache.jmeter.functions.Function], inner=false, contains=null, notContains=null]. Consider exposing JMeter plugins via META-INF/services, and add JMeter-Skip-Class-Scanning=true manifest attribute so JMeter can skip classfile scanning
2024-12-04 18:50:35,938 INFO o.a.j.r.ClassFinder: Will scan jar C:\Program Files\apache-jmeter-5.6.3\apache-jmeter-5.6.3\lib\ext\json-lib-2.4-jdk15.jar with filter ExtendsClassFilter [parents=[interface org.apache.jmeter.functions.Function], inner=false, contains=null, notContains=null]. Consider exposing JMeter plugins via META-INF/services, and add JMeter-Skip-Class-Scanning=true manifest attribute so JMeter can skip classfile scanning
2024-12-04 18:50:35,971 INFO o.a.j.JMeter: Running test (1733316635971)
2024-12-04 18:50:35,999 INFO o.a.j.e.StandardJMeterEngine: Starting ThreadGroup: 1 : Agent to Customer Deposit Money
2024-12-04 18:50:35,999 INFO o.a.j.e.StandardJMeterEngine: Starting 1 threads for group Agent to Customer Deposit Money.
2024-12-04 18:50:35,999 INFO o.a.j.e.StandardJMeterEngine: Thread will continue on error
2024-12-04 18:50:35,999 INFO o.a.j.t.ThreadGroup: Starting thread group... number=1 threads=1 ramp-up=120 delayedStart=false
2024-12-04 18:50:36,005 INFO o.a.j.t.ThreadGroup: Started thread group number 1
2024-12-04 18:50:36,005 INFO o.a.j.e.StandardJMeterEngine: Starting ThreadGroup: 2 : Customer to Customer Send Money
2024-12-04 18:50:36,005 INFO o.a.j.e.StandardJMeterEngine: Starting 1 threads for group Customer to Customer Send Money.
2024-12-04 18:50:36,005 INFO o.a.j.e.StandardJMeterEngine: Thread will continue on error
2024-12-04 18:50:36,005 INFO o.a.j.t.ThreadGroup: Starting thread group... number=2 threads=1 ramp-up=120 delayedStart=false
2024-12-04 18:50:36,008 INFO o.a.j.t.ThreadGroup: Started thread group number 2
2024-12-04 18:50:36,008 INFO o.a.j.e.StandardJMeterEngine: Starting ThreadGroup: 3 : Customer to Merchant Payment
2024-12-04 18:50:36,008 INFO o.a.j.e.StandardJMeterEngine: Starting 1 threads for group Customer to Merchant Payment.
2024-12-04 18:50:36,008 INFO o.a.j.e.StandardJMeterEngine: Thread will continue on error
2024-12-04 18:50:36,008 INFO o.a.j.t.ThreadGroup: Starting thread group... number=3 threads=1 ramp-up=120 delayedStart=false
2024-12-04 18:50:36,010 INFO o.a.j.t.ThreadGroup: Started thread group number 3
2024-12-04 18:50:36,010 INFO o.a.j.e.StandardJMeterEngine: All thread groups have been started
2024-12-04 18:50:36,132 INFO o.a.j.t.JMeterThread: Thread started: Customer to Customer Send Money 2-1
2024-12-04 18:50:36,132 INFO o.a.j.t.JMeterThread: Thread started: Customer to Merchant Payment 3-1
2024-12-04 18:50:36,133 INFO o.a.j.t.JMeterThread: Thread started: Agent to Customer Deposit Money 1-1
2024-12-04 18:50:37,534 INFO o.a.j.p.h.s.HTTPHCAbstractImpl: Local host = DESKTOP-689U35J
2024-12-04 18:50:37,545 INFO o.a.j.p.h.s.HTTPHC4Impl: HTTP request retry count = 0
2024-12-04 18:50:37,547 INFO o.a.j.s.SampleResult: Note: Sample TimeStamps are START times
2024-12-04 18:50:37,548 INFO o.a.j.s.SampleResult: sampleresult.default.encoding is set to UTF-8
2024-12-04 18:50:37,548 INFO o.a.j.s.SampleResult: sampleresult.useNanoTime=true
2024-12-04 18:50:37,548 INFO o.a.j.s.SampleResult: sampleresult.nanoThreadSleep=5000
2024-12-04 18:50:37,729 INFO o.a.j.p.h.s.h.LazyLayeredConnectionSocketFactory: Setting up HTTPS TrustAll Socket Factory
2024-12-04 18:50:37,744 INFO o.a.j.u.JsseSSLManager: Using default SSL protocol: TLS
2024-12-04 18:50:37,744 INFO o.a.j.u.JsseSSLManager: SSL session context: per-thread
2024-12-04 18:50:37,889 INFO o.a.j.u.SSLManager: JmeterKeyStore Location:  type JKS
2024-12-04 18:50:37,897 INFO o.a.j.u.SSLManager: KeyStore created OK
2024-12-04 18:50:37,897 WARN o.a.j.u.SSLManager: Keystore file not found, loading empty keystore
2024-12-04 18:50:38,312 INFO o.a.j.s.FileServer: Stored: C:/Program Files/apache-jmeter-5.6.3/apache-jmeter-5.6.3/bin/Dmoney/Send Money - Sheet1.csv
2024-12-04 18:50:38,585 INFO o.a.j.s.FileServer: Stored: C:/Program Files/apache-jmeter-5.6.3/apache-jmeter-5.6.3/bin/Dmoney/Payment - Sheet1.csv
2024-12-04 18:50:39,558 INFO o.a.j.s.FileServer: Stored: C:/Program Files/apache-jmeter-5.6.3/apache-jmeter-5.6.3/bin/Dmoney/Deposit - Sheet1.csv
2024-12-04 18:50:46,348 INFO o.a.j.t.JMeterThread: Thread is done: Customer to Merchant Payment 3-1
2024-12-04 18:50:46,348 INFO o.a.j.t.JMeterThread: Thread finished: Customer to Merchant Payment 3-1
2024-12-04 18:50:51,422 INFO o.a.j.t.JMeterThread: Thread is done: Customer to Customer Send Money 2-1
2024-12-04 18:50:51,422 INFO o.a.j.t.JMeterThread: Thread finished: Customer to Customer Send Money 2-1
2024-12-04 18:50:54,962 INFO o.a.j.t.JMeterThread: Thread is done: Agent to Customer Deposit Money 1-1
2024-12-04 18:50:54,963 INFO o.a.j.t.JMeterThread: Thread finished: Agent to Customer Deposit Money 1-1
2024-12-04 18:50:54,964 INFO o.a.j.e.StandardJMeterEngine: Notifying test listeners of end of test
2024-12-04 18:50:54,964 INFO o.a.j.s.FileServer: Close: C:/Program Files/apache-jmeter-5.6.3/apache-jmeter-5.6.3/bin/Dmoney/Deposit - Sheet1.csv
2024-12-04 18:50:54,968 INFO o.a.j.s.FileServer: Close: C:/Program Files/apache-jmeter-5.6.3/apache-jmeter-5.6.3/bin/Dmoney/Payment - Sheet1.csv
2024-12-04 18:50:54,968 INFO o.a.j.s.FileServer: Close: C:/Program Files/apache-jmeter-5.6.3/apache-jmeter-5.6.3/bin/Dmoney/Send Money - Sheet1.csv
2024-12-04 18:50:54,974 INFO o.a.j.r.Summariser: summary =     28 in 00:00:19 =    1.5/s Avg:   116 Min:    41 Max:   592 Err:     0 (0.00%)
2024-12-04 18:50:54,975 INFO o.a.j.JMeter: Generating Dashboard
2024-12-04 18:50:54,975 INFO o.a.j.r.d.ReportGenerator: Flushing result collector before report Generation
2024-12-04 18:50:54,998 INFO o.a.j.r.p.NormalizerSampleConsumer: Using format, 'ms', to parse timeStamp field
2024-12-04 18:50:55,102 INFO o.a.j.r.p.AbstractSampleConsumer: class org.apache.jmeter.report.processor.AggregateConsumer#stopProducing(): beginDate produced 0 samples
2024-12-04 18:50:55,102 INFO o.a.j.r.p.AbstractSampleConsumer: class org.apache.jmeter.report.processor.AggregateConsumer#stopProducing(): endDate produced 0 samples
2024-12-04 18:50:55,104 INFO o.a.j.r.p.AbstractSampleConsumer: class org.apache.jmeter.report.processor.ApdexSummaryConsumer#stopProducing(): apdexSummary produced 0 samples
2024-12-04 18:50:55,104 INFO o.a.j.r.p.AbstractSampleConsumer: class org.apache.jmeter.report.processor.RequestsSummaryConsumer#stopProducing(): requestsSummary produced 0 samples
2024-12-04 18:50:55,111 INFO o.a.j.r.p.AbstractSampleConsumer: class org.apache.jmeter.report.processor.StatisticsSummaryConsumer#stopProducing(): statisticsSummary produced 0 samples
2024-12-04 18:50:55,113 INFO o.a.j.r.p.AbstractSampleConsumer: class org.apache.jmeter.report.processor.Top5ErrorsBySamplerConsumer#stopProducing(): top5ErrorsBySampler produced 0 samples
2024-12-04 18:50:55,113 INFO o.a.j.r.p.AbstractSampleConsumer: class org.apache.jmeter.report.processor.ErrorsSummaryConsumer#stopProducing(): errorsSummary produced 0 samples
2024-12-04 18:50:55,114 INFO o.a.j.r.p.AbstractSampleConsumer: class org.apache.jmeter.report.processor.graph.impl.HitsPerSecondGraphConsumer#stopProducing(): hitsPerSecond produced 0 samples
2024-12-04 18:50:55,129 INFO o.a.j.r.p.AbstractSampleConsumer: class org.apache.jmeter.report.processor.graph.impl.LatencyVSRequestGraphConsumer#stopProducing(): latencyVsRequest produced 0 samples
2024-12-04 18:50:55,129 INFO o.a.j.r.p.AbstractSampleConsumer: class org.apache.jmeter.report.processor.graph.impl.SyntheticResponseTimeDistributionGraphConsumer#stopProducing(): syntheticResponseTimeDistribution produced 0 samples
2024-12-04 18:50:55,130 INFO o.a.j.r.p.AbstractSampleConsumer: class org.apache.jmeter.report.processor.graph.impl.BytesThroughputGraphConsumer#stopProducing(): bytesThroughputOverTime produced 0 samples
2024-12-04 18:50:55,130 INFO o.a.j.r.p.AbstractSampleConsumer: class org.apache.jmeter.report.processor.graph.impl.CodesPerSecondGraphConsumer#stopProducing(): codesPerSecond produced 0 samples
2024-12-04 18:50:55,135 INFO o.a.j.r.p.AbstractSampleConsumer: class org.apache.jmeter.report.processor.graph.impl.ResponseTimeVSRequestGraphConsumer#stopProducing(): responseTimeVsRequest produced 0 samples
2024-12-04 18:50:55,136 INFO o.a.j.r.p.AbstractSampleConsumer: class org.apache.jmeter.report.processor.FilterConsumer#stopProducing(): startIntervalControlerFilter produced 196 samples
2024-12-04 18:50:55,136 INFO o.a.j.r.p.AbstractSampleConsumer: class org.apache.jmeter.report.processor.graph.impl.TotalTPSGraphConsumer#stopProducing(): totalTPS produced 0 samples
2024-12-04 18:50:55,136 INFO o.a.j.r.p.AbstractSampleConsumer: class org.apache.jmeter.report.processor.graph.impl.ActiveThreadsGraphConsumer#stopProducing(): activeThreadsOverTime produced 0 samples
2024-12-04 18:50:55,136 INFO o.a.j.r.p.AbstractSampleConsumer: class org.apache.jmeter.report.processor.graph.impl.TimeVSThreadGraphConsumer#stopProducing(): timeVsThreads produced 0 samples
2024-12-04 18:50:55,136 INFO o.a.j.r.p.AbstractSampleConsumer: class org.apache.jmeter.report.processor.graph.impl.ResponseTimeDistributionGraphConsumer#stopProducing(): responseTimeDistribution produced 0 samples
2024-12-04 18:50:55,136 INFO o.a.j.r.p.AbstractSampleConsumer: class org.apache.jmeter.report.processor.graph.impl.TransactionsPerSecondGraphConsumer#stopProducing(): transactionsPerSecond produced 0 samples
2024-12-04 18:50:55,136 INFO o.a.j.r.p.AbstractSampleConsumer: class org.apache.jmeter.report.processor.graph.impl.ResponseTimePercentilesGraphConsumer#stopProducing(): responseTimePercentiles produced 0 samples
2024-12-04 18:50:55,138 INFO o.a.j.r.p.AbstractSampleConsumer: class org.apache.jmeter.report.processor.graph.impl.ResponseTimePercentilesOverTimeGraphConsumer#stopProducing(): responseTimePercentilesOverTime produced 0 samples
2024-12-04 18:50:55,138 INFO o.a.j.r.p.AbstractSampleConsumer: class org.apache.jmeter.report.processor.graph.impl.ResponseTimeOverTimeGraphConsumer#stopProducing(): responseTimesOverTime produced 0 samples
2024-12-04 18:50:55,138 INFO o.a.j.r.p.AbstractSampleConsumer: class org.apache.jmeter.report.processor.graph.impl.ConnectTimeOverTimeGraphConsumer#stopProducing(): connectTimeOverTime produced 0 samples
2024-12-04 18:50:55,138 INFO o.a.j.r.p.AbstractSampleConsumer: class org.apache.jmeter.report.processor.graph.impl.LatencyOverTimeGraphConsumer#stopProducing(): latenciesOverTime produced 0 samples
2024-12-04 18:50:55,138 INFO o.a.j.r.p.AbstractSampleConsumer: class org.apache.jmeter.report.processor.FilterConsumer#stopProducing(): nameFilter produced 420 samples
2024-12-04 18:50:55,138 INFO o.a.j.r.p.AbstractSampleConsumer: class org.apache.jmeter.report.processor.FilterConsumer#stopProducing(): dateRangeFilter produced 84 samples
2024-12-04 18:50:55,138 INFO o.a.j.r.p.AbstractSampleConsumer: class org.apache.jmeter.report.processor.NormalizerSampleConsumer#stopProducing(): normalizer produced 28 samples
2024-12-04 18:50:55,140 INFO o.a.j.r.p.CsvFileSampleSource: produce(): 28 samples produced in 94ms on channel 0
2024-12-04 18:50:55,140 INFO o.a.j.r.d.ReportGenerator: Exporting data using exporter:'json' of className:'org.apache.jmeter.report.dashboard.JsonExporter'
2024-12-04 18:50:55,212 INFO o.a.j.r.d.JsonExporter: Found data for consumer statisticsSummary in context
2024-12-04 18:50:55,212 INFO o.a.j.r.d.JsonExporter: Creating statistics for overall
2024-12-04 18:50:55,213 INFO o.a.j.r.d.JsonExporter: Creating statistics for other transactions
2024-12-04 18:50:55,213 INFO o.a.j.r.d.JsonExporter: Checking output folder
2024-12-04 18:50:55,214 INFO o.a.j.r.d.JsonExporter: Writing statistics JSON to C:\Program Files\apache-jmeter-5.6.3\apache-jmeter-5.6.3\bin\examples\Dmoney-Booking-API-Load-Tests\DMoney\Reports\statistics.json
2024-12-04 18:50:55,266 INFO o.a.j.r.d.ReportGenerator: Exporting data using exporter:'html' of className:'org.apache.jmeter.report.dashboard.HtmlTemplateExporter'
2024-12-04 18:50:55,269 INFO o.a.j.r.d.HtmlTemplateExporter: Will generate dashboard in folder: C:\Program Files\apache-jmeter-5.6.3\apache-jmeter-5.6.3\bin\examples\Dmoney-Booking-API-Load-Tests\DMoney\Reports
2024-12-04 18:50:55,397 INFO o.a.j.r.d.HtmlTemplateExporter: Report will be generated in: C:\Program Files\apache-jmeter-5.6.3\apache-jmeter-5.6.3\bin\examples\Dmoney-Booking-API-Load-Tests\DMoney\Reports, creating folder structure
2024-12-04 18:50:55,401 INFO o.a.j.r.d.TemplateVisitor: Copying folder from 'C:\Program Files\apache-jmeter-5.6.3\apache-jmeter-5.6.3\bin\report-template' to 'C:\Program Files\apache-jmeter-5.6.3\apache-jmeter-5.6.3\bin\examples\Dmoney-Booking-API-Load-Tests\DMoney\Reports', got message: C:\Program Files\apache-jmeter-5.6.3\apache-jmeter-5.6.3\bin\examples\Dmoney-Booking-API-Load-Tests\DMoney\Reports, found non empty folder with following content [C:\Program Files\apache-jmeter-5.6.3\apache-jmeter-5.6.3\bin\examples\Dmoney-Booking-API-Load-Tests\DMoney\Reports\statistics.json], will be ignored
2024-12-04 18:50:56,033 INFO o.a.j.JMeter: Dashboard generated
